<?xml version="1.0" encoding="UTF-8"?>
<!-- Generated by org.testng.reporters.JUnitReportReporter -->
<testsuite hostname="Mahesh" name="myPack.Reshma" tests="6" failures="0" timestamp="30 Jul 2020 06:39:59 GMT" time="36.625" errors="0">
  <testcase name="editLocation" time="0.000" classname="myPack.Reshma"/>
  <testcase name="verifyLogin" time="7.620" classname="myPack.Reshma"/>
  <testcase name="addLocation" time="0.000" classname="myPack.Reshma"/>
  <testcase name="editEmp" time="0.000" classname="myPack.Reshma"/>
  <testcase name="addEmp" time="29.005" classname="myPack.Reshma"/>
  <testcase name="deleteEmp" time="0.000" classname="myPack.Reshma"/>
</testsuite> <!-- myPack.Reshma -->
